11:10:32.764 [main] INFO  api.test.User_Tests - ************* Creating user ***********
11:10:34.901 [main] INFO  api.test.User_Tests - ************* User Created ***********
11:10:36.142 [main] INFO  api.test.User_Tests - ************* Get USer Name ***********
11:10:39.376 [main] INFO  api.test.User_Tests - ************* Updated User Details ***********
11:10:41.367 [main] INFO  api.test.User_Tests - ************* Deleted User Details ***********
16:43:22.944 [main] INFO  api.test.User_Tests2_Properties - ************* Creating user ***********
16:43:25.383 [main] INFO  api.test.User_Tests2_Properties - ************* User Created ***********
16:43:26.782 [main] INFO  api.test.User_Tests2_Properties - ************* Get USer Name ***********
16:43:29.586 [main] INFO  api.test.User_Tests2_Properties - ************* Updated User Details ***********
16:43:30.936 [main] INFO  api.test.User_Tests2_Properties - ************* Deleted User Details ***********
16:48:31.258 [main] INFO  api.test.User_Tests - ************* Creating user ***********
16:48:33.665 [main] INFO  api.test.User_Tests - ************* User Created ***********
16:48:35.040 [main] INFO  api.test.User_Tests - ************* Get USer Name ***********
16:48:37.743 [main] INFO  api.test.User_Tests - ************* Updated User Details ***********
16:48:39.068 [main] INFO  api.test.User_Tests - ************* Deleted User Details ***********
16:51:34.460 [main] INFO  api.test.User_Tests - ************* Creating user ***********
16:51:36.823 [main] INFO  api.test.User_Tests - ************* User Created ***********
16:51:38.196 [main] INFO  api.test.User_Tests - ************* Get USer Name ***********
16:51:40.934 [main] INFO  api.test.User_Tests - ************* Updated User Details ***********
16:51:42.651 [main] INFO  api.test.User_Tests - ************* Deleted User Details ***********
